============================= test session starts =============================
platform win32 -- Python 3.13.7, pytest-9.1.1, pluggy-1.6.0
rootdir: C:\Users\siddh\Downloads\atlas.zip123\atlas
configfile: pyproject.toml
testpaths: tests, packages/database/tests, services/dataset/tests, services/report/tests
plugins: anyio-4.14.2, asyncio-1.4.0, cov-7.1.0
asyncio: mode=Mode.STRICT, debug=False, asyncio_default_fixture_loop_scope=None, asyncio_default_test_loop_scope=function
collected 164 items

tests\api\test_benchmark_contract.py ..                                  [  1%]
tests\api\test_dataset_contract.py .....                                 [  4%]
tests\api\test_execution_contract.py ....                                [  6%]
tests\api\test_execution_status_contract.py ..                           [  7%]
tests\api\test_milestone_3c_chaos_suite.py ...                           [  9%]
tests\api\test_reporting_and_leaderboard_contract.py ..                  [ 10%]
tests\backend\benchmark\test_benchmark_api.py .....                      [ 14%]
tests\backend\benchmark\test_benchmark_discovery.py .                    [ 14%]
tests\backend\test_api_auth.py .....                                     [ 17%]
tests\backend\test_api_authz.py ....                                     [ 20%]
tests\backend\test_api_benchmarks.py ...                                 [ 21%]
tests\backend\test_api_datasets.py ..                                    [ 23%]
tests\backend\test_api_evaluation.py ..                                  [ 24%]
tests\backend\test_api_executions.py .F.                                 [ 26%]
tests\backend\test_api_history.py ..                                     [ 27%]
tests\backend\test_api_leaderboard.py .......                            [ 31%]
tests\backend\test_api_reporting.py ...........                          [ 38%]
tests\backend\test_api_slice2.py ...                                     [ 40%]
tests\backend\test_distributed_infrastructure.py .                       [ 40%]
tests\backend\test_exporters.py ..                                       [ 42%]
tests\backend\test_minio_storage.py ...                                  [ 43%]
tests\backend\test_ollama_adapter.py ...                                 [ 45%]
tests\backend\test_repo_leaderboard.py ...                               [ 47%]
tests\backend\test_search_service.py ...                                 [ 49%]
tests\backend\test_worker_orchestration.py ...                           [ 51%]
tests\benchmark\test_benchmark_service.py ......                         [ 54%]
tests\benchmark\test_foundation.py .                                     [ 55%]
tests\benchmark\test_lifecycle.py .....                                  [ 58%]
tests\benchmark\test_versioning.py .                                     [ 59%]
tests\execution\test_api.py ....                                         [ 61%]
tests\execution\test_domain.py ...........                               [ 68%]
tests\execution\test_persistence.py ..                                   [ 69%]
tests\execution\test_scheduler.py ...                                    [ 71%]
tests\execution\test_worker_data_plane.py .......                        [ 75%]
tests\integration\test_benchmark_repository.py ...                       [ 77%]
tests\integration\test_e2e_execution_pipeline.py .                       [ 78%]
tests\integration\test_query_utils.py .......                            [ 82%]
tests\test_health.py .                                                   [ 82%]
packages\database\tests\test_base_repository.py .                        [ 83%]
packages\database\tests\test_d2_extraction.py ......                     [ 87%]
packages\database\tests\test_d2_postgres_integration.py ..               [ 88%]
packages\database\tests\test_d2_suite.py .....                           [ 91%]
packages\database\tests\test_models.py .......                           [ 95%]
packages\database\tests\test_ownership.py ...                            [ 97%]
services\dataset\tests\api\test_dataset.py .                             [ 98%]
services\report\tests\api\test_reporting_api.py ..                       [ 99%]
uv : C:\Users\siddh\AppData\Local\Programs\Python
\Python313\Lib\collections\__init__.py:450: 
ResourceWarning: unclosed database in 
<sqlite3.Connection object at 0x0000027B7622C310>
At line:1 char:86
+ ...  uv sync --extra dev ; uv run pytest -v > 
pytest_run.txt 2>&1 ; uv ru ...
+                            
~~~~~~~~~~~~~~~~~~~~~~~~~~~~~~~~~~~~~~
    + CategoryInfo          : NotSpecified: (C:\ 
   Users\siddh\...00027B7622C310>:String) [], R  
  emoteException
    + FullyQualifiedErrorId : NativeCommandError
 
  @classmethod
ResourceWarning: Enable tracemalloc to get the 
object allocation traceback
services\report\tests\unit\test_reporting.py .                           [100%]

================================== FAILURES ===================================
____________________________ test_list_executions _____________________________

self = <sqlalchemy.engine.base.Connection object at 0x0000027B76098410>
dialect = <sqlalchemy.dialects.postgresql.psycopg2.PGDialect_psycopg2 object at 0x0000027B730D1D30>
context = <sqlalchemy.dialects.postgresql.psycopg2.PGExecutionContext_psycopg2 object at 0x0000027B76043F00>
statement = <sqlalchemy.dialects.postgresql.base.PGCompiler object at 0x0000027B76067A10>
parameters = [{}]

    def _exec_single_context(
        self,
        dialect: Dialect,
        context: ExecutionContext,
        statement: Union[str, Compiled],
        parameters: Optional[_AnyMultiExecuteParams],
    ) -> CursorResult[Any]:
        """continue the _execute_context() method for a single DBAPI
        cursor.execute() or cursor.executemany() call.
    
        """
        if dialect.bind_typing is BindTyping.SETINPUTSIZES:
            generic_setinputsizes = context._prepare_set_input_sizes()
    
            if generic_setinputsizes:
                try:
                    dialect.do_set_input_sizes(
                        context.cursor, generic_setinputsizes, context
                    )
                except BaseException as e:
                    self._handle_dbapi_exception(
                        e, str(statement), parameters, None, context
                    )
    
        cursor, str_statement, parameters = (
            context.cursor,
            context.statement,
            context.parameters,
        )
    
        effective_parameters: Optional[_AnyExecuteParams]
    
        if not context.executemany:
            effective_parameters = parameters[0]
        else:
            effective_parameters = parameters
    
        if self._has_events or self.engine._has_events:
            for fn in self.dispatch.before_cursor_execute:
                str_statement, effective_parameters = fn(
                    self,
                    cursor,
                    str_statement,
                    effective_parameters,
                    context,
                    context.executemany,
                )
    
        if self._echo:
            self._log_info(str_statement)
    
            stats = context._get_cache_stats()
    
            if not self.engine.hide_parameters:
                self._log_info(
                    "[%s] %r",
                    stats,
                    sql_util._repr_params(
                        effective_parameters,
                        batches=10,
                        ismulti=context.executemany,
                    ),
                )
            else:
                self._log_info(
                    "[%s] [SQL parameters hidden due to hide_parameters=True]",
                    stats,
                )
    
        evt_handled: bool = False
        try:
            if context.execute_style is ExecuteStyle.EXECUTEMANY:
                effective_parameters = cast(
                    "_CoreMultiExecuteParams", effective_parameters
                )
                if self.dialect._has_events:
                    for fn in self.dialect.dispatch.do_executemany:
                        if fn(
                            cursor,
                            str_statement,
                            effective_parameters,
                            context,
                        ):
                            evt_handled = True
                            break
                if not evt_handled:
                    self.dialect.do_executemany(
                        cursor,
                        str_statement,
                        effective_parameters,
                        context,
                    )
            elif not effective_parameters and context.no_parameters:
                if self.dialect._has_events:
                    for fn in self.dialect.dispatch.do_execute_no_params:
                        if fn(cursor, str_statement, context):
                            evt_handled = True
                            break
                if not evt_handled:
                    self.dialect.do_execute_no_params(
                        cursor, str_statement, context
                    )
            else:
                effective_parameters = cast(
                    "_CoreSingleExecuteParams", effective_parameters
                )
                if self.dialect._has_events:
                    for fn in self.dialect.dispatch.do_execute:
                        if fn(
                            cursor,
                            str_statement,
                            effective_parameters,
                            context,
                        ):
                            evt_handled = True
                            break
                if not evt_handled:
>                   self.dialect.do_execute(
                        cursor, str_statement, effective_parameters, context
                    )

.venv\Lib\site-packages\sqlalchemy\engine\base.py:1969: 
_ _ _ _ _ _ _ _ _ _ _ _ _ _ _ _ _ _ _ _ _ _ _ _ _ _ _ _ _ _ _ _ _ _ _ _ _ _ _ _

self = <sqlalchemy.dialects.postgresql.psycopg2.PGDialect_psycopg2 object at 0x0000027B730D1D30>
cursor = <cursor object at 0x0000027B76080120; closed: -1>
statement = 'SELECT count(*) AS count_1 \nFROM (SELECT executions.project_id AS executions_project_id, executions.benchmark_versio...ived_at AS executions_archived_at, executions.version_number AS executions_version_number \nFROM executions) AS anon_1'
parameters = {}
context = <sqlalchemy.dialects.postgresql.psycopg2.PGExecutionContext_psycopg2 object at 0x0000027B76043F00>

    def do_execute(self, cursor, statement, parameters, context=None):
>       cursor.execute(statement, parameters)
E       psycopg2.errors.UndefinedTable: relation "executions" does not exist
E       LINE 3: FROM executions) AS anon_1
E                    ^

.venv\Lib\site-packages\sqlalchemy\engine\default.py:952: UndefinedTable

The above exception was the direct cause of the following exception:

test_client = <starlette.testclient.TestClient object at 0x0000027B76027850>

    def test_list_executions(test_client):
>       response = test_client.get("/api/v1/executions")
                   ^^^^^^^^^^^^^^^^^^^^^^^^^^^^^^^^^^^^^

tests\backend\test_api_executions.py:56: 
_ _ _ _ _ _ _ _ _ _ _ _ _ _ _ _ _ _ _ _ _ _ _ _ _ _ _ _ _ _ _ _ _ _ _ _ _ _ _ _
.venv\Lib\site-packages\starlette\testclient.py:482: in get
    return super().get(
.venv\Lib\site-packages\httpx\_client.py:1053: in get
    return self.request(
.venv\Lib\site-packages\starlette\testclient.py:454: in request
    return super().request(
.venv\Lib\site-packages\httpx\_client.py:825: in request
    return self.send(request, auth=auth, follow_redirects=follow_redirects)
           ^^^^^^^^^^^^^^^^^^^^^^^^^^^^^^^^^^^^^^^^^^^^^^^^^^^^^^^^^^^^^^^^
.venv\Lib\site-packages\httpx\_client.py:914: in send
    response = self._send_handling_auth(
.venv\Lib\site-packages\httpx\_client.py:942: in _send_handling_auth
    response = self._send_handling_redirects(
.venv\Lib\site-packages\httpx\_client.py:979: in _send_handling_redirects
    response = self._send_single_request(request)
               ^^^^^^^^^^^^^^^^^^^^^^^^^^^^^^^^^^
.venv\Lib\site-packages\httpx\_client.py:1014: in _send_single_request
    response = transport.handle_request(request)
               ^^^^^^^^^^^^^^^^^^^^^^^^^^^^^^^^^
.venv\Lib\site-packages\starlette\testclient.py:356: in handle_request
    raise exc
.venv\Lib\site-packages\starlette\testclient.py:353: in handle_request
    portal.call(self.app, scope, receive, send)
.venv\Lib\site-packages\anyio\from_thread.py:338: in call
    return cast(T_Retval, self.start_task_soon(func, *args).result())
                          ^^^^^^^^^^^^^^^^^^^^^^^^^^^^^^^^^^^^^^^^^^
..\..\..\AppData\Local\Programs\Python\Python313\Lib\concurrent\futures\_base.py:456: in result
    return self.__get_result()
           ^^^^^^^^^^^^^^^^^^^
..\..\..\AppData\Local\Programs\Python\Python313\Lib\concurrent\futures\_base.py:401: in __get_result
    raise self._exception
.venv\Lib\site-packages\anyio\from_thread.py:263: in _call_func
    retval = await retval_or_awaitable
             ^^^^^^^^^^^^^^^^^^^^^^^^^
.venv\Lib\site-packages\fastapi\applications.py:1163: in __call__
    await super().__call__(scope, receive, send)
.venv\Lib\site-packages\starlette\applications.py:90: in __call__
    await self.middleware_stack(scope, receive, send)
.venv\Lib\site-packages\starlette\middleware\errors.py:186: in __call__
    raise exc
.venv\Lib\site-packages\starlette\middleware\errors.py:164: in __call__
    await self.app(scope, receive, _send)
.venv\Lib\site-packages\starlette\middleware\cors.py:88: in __call__
    await self.app(scope, receive, send)
.venv\Lib\site-packages\starlette\middleware\base.py:193: in __call__
    response = await self.dispatch_func(request, call_next)
               ^^^^^^^^^^^^^^^^^^^^^^^^^^^^^^^^^^^^^^^^^^^^
apps\backend\middleware\request_context.py:43: in dispatch
    response = await call_next(request)
               ^^^^^^^^^^^^^^^^^^^^^^^^
.venv\Lib\site-packages\starlette\middleware\base.py:168: in call_next
    raise app_exc from app_exc.__cause__ or app_exc.__context__
.venv\Lib\site-packages\starlette\middleware\base.py:144: in coro
    await self.app(scope, receive_or_disconnect, send_no_error)
.venv\Lib\site-packages\starlette\middleware\exceptions.py:63: in __call__
    await wrap_app_handling_exceptions(self.app, conn)(scope, receive, send)
.venv\Lib\site-packages\starlette\_exception_handler.py:53: in wrapped_app
    raise exc
.venv\Lib\site-packages\starlette\_exception_handler.py:42: in wrapped_app
    await app(scope, receive, sender)
.venv\Lib\site-packages\fastapi\middleware\asyncexitstack.py:18: in __call__
    await self.app(scope, receive, send)
.venv\Lib\site-packages\starlette\routing.py:660: in __call__
    await self.middleware_stack(scope, receive, send)
.venv\Lib\site-packages\fastapi\routing.py:2685: in app
    await route.handle(scope, receive, send)
.venv\Lib\site-packages\fastapi\routing.py:1766: in handle
    await self.original_router.handle(scope, receive, send)
.venv\Lib\site-packages\fastapi\routing.py:2740: in handle
    await included_router._handle_selected(scope, receive, send)
.venv\Lib\site-packages\fastapi\routing.py:1786: in _handle_selected
    await original_route.handle(scope, receive, send)
.venv\Lib\site-packages\fastapi\routing.py:1265: in handle
    await app(scope, receive, send)
.venv\Lib\site-packages\fastapi\routing.py:151: in app
    await wrap_app_handling_exceptions(app, request)(scope, receive, send)
.venv\Lib\site-packages\starlette\_exception_handler.py:53: in wrapped_app
    raise exc
.venv\Lib\site-packages\starlette\_exception_handler.py:42: in wrapped_app
    await app(scope, receive, sender)
.venv\Lib\site-packages\fastapi\routing.py:137: in app
    response = await f(request)
               ^^^^^^^^^^^^^^^^
.venv\Lib\site-packages\fastapi\routing.py:691: in app
    raw_response = await run_endpoint_function(
.venv\Lib\site-packages\fastapi\routing.py:347: in run_endpoint_function
    return await run_in_threadpool(dependant.call, **values)
           ^^^^^^^^^^^^^^^^^^^^^^^^^^^^^^^^^^^^^^^^^^^^^^^^^
.venv\Lib\site-packages\starlette\concurrency.py:34: in run_in_threadpool
    return await anyio.to_thread.run_sync(func)
           ^^^^^^^^^^^^^^^^^^^^^^^^^^^^^^^^^^^^
.venv\Lib\site-packages\anyio\to_thread.py:65: in run_sync
    return await get_async_backend().run_sync_in_worker_thread(
.venv\Lib\site-packages\anyio\_backends\_asyncio.py:2641: in run_sync_in_worker_thread
    return await future
           ^^^^^^^^^^^^
.venv\Lib\site-packages\anyio\_backends\_asyncio.py:1033: in run
    result = context.run(func, *args)
             ^^^^^^^^^^^^^^^^^^^^^^^^
apps\backend\routers\executions.py:124: in list_executions
    total = query.count()
            ^^^^^^^^^^^^^
.venv\Lib\site-packages\sqlalchemy\orm\query.py:3153: in count
    self._legacy_from_self(col).enable_eagerloads(False).scalar()
.venv\Lib\site-packages\sqlalchemy\orm\query.py:2842: in scalar
    ret = self.one()
          ^^^^^^^^^^
.venv\Lib\site-packages\sqlalchemy\orm\query.py:2815: in one
    return self._iter().one()  # type: ignore
           ^^^^^^^^^^^^
.venv\Lib\site-packages\sqlalchemy\orm\query.py:2864: in _iter
    result: Union[ScalarResult[_T], Result[_T]] = self.session.execute(
.venv\Lib\site-packages\sqlalchemy\orm\session.py:2373: in execute
    return self._execute_internal(
.venv\Lib\site-packages\sqlalchemy\orm\session.py:2271: in _execute_internal
    result: Result[Any] = compile_state_cls.orm_execute_statement(
.venv\Lib\site-packages\sqlalchemy\orm\context.py:306: in orm_execute_statement
    result = conn.execute(
.venv\Lib\site-packages\sqlalchemy\engine\base.py:1421: in execute
    return meth(
.venv\Lib\site-packages\sqlalchemy\sql\elements.py:526: in _execute_on_connection
    return connection._execute_clauseelement(
.venv\Lib\site-packages\sqlalchemy\engine\base.py:1643: in _execute_clauseelement
    ret = self._execute_context(
.venv\Lib\site-packages\sqlalchemy\engine\base.py:1848: in _execute_context
    return self._exec_single_context(
.venv\Lib\site-packages\sqlalchemy\engine\base.py:1988: in _exec_single_context
    self._handle_dbapi_exception(
.venv\Lib\site-packages\sqlalchemy\engine\base.py:2365: in _handle_dbapi_exception
    raise sqlalchemy_exception.with_traceback(exc_info[2]) from e
.venv\Lib\site-packages\sqlalchemy\engine\base.py:1969: in _exec_single_context
    self.dialect.do_execute(
_ _ _ _ _ _ _ _ _ _ _ _ _ _ _ _ _ _ _ _ _ _ _ _ _ _ _ _ _ _ _ _ _ _ _ _ _ _ _ _

self = <sqlalchemy.dialects.postgresql.psycopg2.PGDialect_psycopg2 object at 0x0000027B730D1D30>
cursor = <cursor object at 0x0000027B76080120; closed: -1>
statement = 'SELECT count(*) AS count_1 \nFROM (SELECT executions.project_id AS executions_project_id, executions.benchmark_versio...ived_at AS executions_archived_at, executions.version_number AS executions_version_number \nFROM executions) AS anon_1'
parameters = {}
context = <sqlalchemy.dialects.postgresql.psycopg2.PGExecutionContext_psycopg2 object at 0x0000027B76043F00>

    def do_execute(self, cursor, statement, parameters, context=None):
>       cursor.execute(statement, parameters)
E       sqlalchemy.exc.ProgrammingError: (psycopg2.errors.UndefinedTable) relation "executions" does not exist
E       LINE 3: FROM executions) AS anon_1
E                    ^
E       
E       [SQL: SELECT count(*) AS count_1 
E       FROM (SELECT executions.project_id AS executions_project_id, executions.benchmark_version_id AS executions_benchmark_version_id, executions.submitted_by_id AS executions_submitted_by_id, executions.status AS executions_status, executions.target_model AS executions_target_model, executions.execution_config AS executions_execution_config, executions.benchmark_hash AS executions_benchmark_hash, executions.celery_task_id AS executions_celery_task_id, executions.cancellation_requested AS executions_cancellation_requested, executions.total_items AS executions_total_items, executions.completed_items AS executions_completed_items, executions.queued_at AS executions_queued_at, executions.started_at AS executions_started_at, executions.completed_at AS executions_completed_at, executions.id AS executions_id, executions.created_at AS executions_created_at, executions.updated_at AS executions_updated_at, executions.created_by_id AS executions_created_by_id, executions.updated_by_id AS executions_updated_by_id, executions.archived_at AS executions_archived_at, executions.version_number AS executions_version_number 
E       FROM executions) AS anon_1]
E       (Background on this error at: https://sqlalche.me/e/20/f405)

.venv\Lib\site-packages\sqlalchemy\engine\default.py:952: ProgrammingError
============================== warnings summary ===============================
.venv\Lib\site-packages\fastapi\testclient.py:1
  C:\Users\siddh\Downloads\atlas.zip123\atlas\.venv\Lib\site-packages\fastapi\testclient.py:1: StarletteDeprecationWarning: Using `httpx` with `starlette.testclient` is deprecated; install `httpx2` instead.
    from starlette.testclient import TestClient as TestClient  # noqa

apps\backend\schemas\benchmarks.py:39
  C:\Users\siddh\Downloads\atlas.zip123\atlas\apps\backend\schemas\benchmarks.py:39: PydanticDeprecatedSince20: Support for class-based `config` is deprecated, use ConfigDict instead. Deprecated in Pydantic V2.0 to be removed in V3.0. See Pydantic V2 Migration Guide at https://errors.pydantic.dev/2.13/migration/
    class BenchmarkRead(BaseModel):

apps\backend\schemas\benchmarks.py:60
  C:\Users\siddh\Downloads\atlas.zip123\atlas\apps\backend\schemas\benchmarks.py:60: PydanticDeprecatedSince20: Support for class-based `config` is deprecated, use ConfigDict instead. Deprecated in Pydantic V2.0 to be removed in V3.0. See Pydantic V2 Migration Guide at https://errors.pydantic.dev/2.13/migration/
    class BenchmarkVersionRead(BaseModel):

apps\backend\events\bus.py:10
  C:\Users\siddh\Downloads\atlas.zip123\atlas\apps\backend\events\bus.py:10: PydanticDeprecatedSince20: Support for class-based `config` is deprecated, use ConfigDict instead. Deprecated in Pydantic V2.0 to be removed in V3.0. See Pydantic V2 Migration Guide at https://errors.pydantic.dev/2.13/migration/
    class ExecutionEvent(BaseModel):

packages\database\atlas_db\models\tasks.py:49
  C:\Users\siddh\Downloads\atlas.zip123\atlas\packages\database\atlas_db\models\tasks.py:49: PytestCollectionWarning: cannot collect test class 'TestCase' because it has a __init__ constructor (from: packages/database/tests/test_d2_extraction.py)
    class TestCase(Base, BaseMixin):

packages\database\atlas_db\models\tasks.py:49
  C:\Users\siddh\Downloads\atlas.zip123\atlas\packages\database\atlas_db\models\tasks.py:49: PytestCollectionWarning: cannot collect test class 'TestCase' because it has a __init__ constructor (from: packages/database/tests/test_d2_postgres_integration.py)
    class TestCase(Base, BaseMixin):

packages\database\atlas_db\models\tasks.py:49
  C:\Users\siddh\Downloads\atlas.zip123\atlas\packages\database\atlas_db\models\tasks.py:49: PytestCollectionWarning: cannot collect test class 'TestCase' because it has a __init__ constructor (from: packages/database/tests/test_d2_suite.py)
    class TestCase(Base, BaseMixin):

tests/backend/test_api_evaluation.py::test_evaluate_execution_authorized
  C:\Users\siddh\Downloads\atlas.zip123\atlas\tests\backend\test_api_evaluation.py:37: DeprecationWarning: datetime.datetime.utcnow() is deprecated and scheduled for removal in a future version. Use timezone-aware objects to represent datetimes in UTC: datetime.datetime.now(datetime.UTC).
    now = datetime.utcnow()

tests/benchmark/test_foundation.py::TestBenchmarkFoundation::test_custom_benchmark_lifecycle
tests/benchmark/test_foundation.py::TestBenchmarkFoundation::test_custom_benchmark_lifecycle
  C:\Users\siddh\Downloads\atlas.zip123\atlas\.venv\Lib\site-packages\pydantic\main.py:263: DeprecationWarning: datetime.datetime.utcnow() is deprecated and scheduled for removal in a future version. Use timezone-aware objects to represent datetimes in UTC: datetime.datetime.now(datetime.UTC).
    validated_self = self.__pydantic_validator__.validate_python(data, self_instance=self)

services/report/tests/api/test_reporting_api.py::test_health_check
  C:\Users\siddh\Downloads\atlas.zip123\atlas\services\report\api\routers\reporting_router.py:20: DeprecationWarning: datetime.datetime.utcnow() is deprecated and scheduled for removal in a future version. Use timezone-aware objects to represent datetimes in UTC: datetime.datetime.now(datetime.UTC).
    return SystemHealthDTO(status="ok", timestamp=datetime.utcnow())

-- Docs: https://docs.pytest.org/en/stable/how-to/capture-warnings.html
=============================== tests coverage ================================
_______________ coverage: platform win32, python 3.13.7-final-0 _______________

Name                                                             Stmts   Miss  Cover
------------------------------------------------------------------------------------
packages\benchmark\__init__.py                                       0      0   100%
packages\benchmark\exceptions\__init__.py                            2      0   100%
packages\benchmark\exceptions\errors.py                             12      0   100%
packages\benchmark\importers\__init__.py                             3      0   100%
packages\benchmark\importers\custom.py                               9      0   100%
packages\benchmark\importers\humaneval.py                           22     15    32%
packages\benchmark\interfaces\__init__.py                            5      0   100%
packages\benchmark\interfaces\importer.py                            7      1    86%
packages\benchmark\interfaces\loader.py                             14      4    71%
packages\benchmark\interfaces\registry.py                           16      4    75%
packages\benchmark\interfaces\validation.py                          6      1    83%
packages\benchmark\loader\__init__.py                                3      3     0%
packages\benchmark\loader\json_loader.py                            16     16     0%
packages\benchmark\loader\yaml_loader.py                            16     16     0%
packages\benchmark\manager\__init__.py                               2      0   100%
packages\benchmark\manager\facade.py                                25      3    88%
packages\benchmark\models\__init__.py                                6      0   100%
packages\benchmark\models\benchmark.py                               8      0   100%
packages\benchmark\models\enums.py                                  71      0   100%
packages\benchmark\models\metadata.py                               17      0   100%
packages\benchmark\models\schema.py                                  8      0   100%
packages\benchmark\models\task.py                                   26      0   100%
packages\benchmark\registry\__init__.py                              2      0   100%
packages\benchmark\registry\memory.py                               32      8    75%
packages\benchmark\validation\__init__.py                            4      0   100%
packages\benchmark\validation\metadata.py                           13      2    85%
packages\benchmark\validation\registry.py                           12      1    92%
packages\benchmark\validation\schema.py                             11      2    82%
packages\database\atlas_db\core\base.py                             25      1    96%
packages\database\atlas_db\core\config.py                           16      0   100%
packages\database\atlas_db\core\engine.py                            5      0   100%
packages\database\atlas_db\core\session.py                          13      6    54%
packages\database\atlas_db\events.py                                30      0   100%
packages\database\atlas_db\models\__init__.py                       11      0   100%
packages\database\atlas_db\models\authoring.py                      67      0   100%
packages\database\atlas_db\models\core.py                           95      0   100%
packages\database\atlas_db\models\dataset.py                        64      0   100%
packages\database\atlas_db\models\evaluation.py                     87      0   100%
packages\database\atlas_db\models\execution.py                      81      0   100%
packages\database\atlas_db\models\leaderboard.py                    29      0   100%
packages\database\atlas_db\models\outbox.py                         22      0   100%
packages\database\atlas_db\models\reporting.py                      27      0   100%
packages\database\atlas_db\models\system.py                         19      0   100%
packages\database\atlas_db\models\tasks.py                          45      0   100%
packages\database\atlas_db\repositories\__init__.py                  8      0   100%
packages\database\atlas_db\repositories\authoring.py                40     18    55%
packages\database\atlas_db\repositories\base.py                     42      2    95%
packages\database\atlas_db\repositories\core.py                     20      2    90%
packages\database\atlas_db\repositories\dataset.py                  12      0   100%
packages\database\atlas_db\repositories\evaluation.py               16      0   100%
packages\database\atlas_db\repositories\execution.py                27     10    63%
packages\database\atlas_db\repositories\leaderboard.py              47     16    66%
packages\database\atlas_db\repositories\query_utils.py              24      1    96%
packages\database\atlas_db\repositories\tasks.py                    12      0   100%
packages\database\atlas_db\services\__init__.py                      2      0   100%
packages\database\atlas_db\services\benchmark_service.py           189     65    66%
packages\database\atlas_db\services\dataset_extraction.py           45      6    87%
packages\database\atlas_db\services\dataset_service.py              47      5    89%
packages\database\tests\conftest.py                                 33      0   100%
packages\database\tests\test_base_repository.py                     22      0   100%
packages\database\tests\test_d2_extraction.py                      112      0   100%
packages\database\tests\test_d2_postgres_integration.py             81      2    98%
packages\database\tests\test_d2_suite.py                           104      0   100%
packages\database\tests\test_models.py                              71      0   100%
packages\database\tests\test_ownership.py                           52      0   100%
packages\datasets\importers\base.py                                 39     25    36%
packages\datasets\importers\humaneval.py                            24      9    62%
packages\datasets\importers\mbpp.py                                 29      9    69%
packages\datasets\mapper.py                                          7      1    86%
packages\datasets\models.py                                         34      0   100%
packages\execution_engine\__init__.py                                0      0   100%
packages\execution_engine\api\dtos.py                               32      0   100%
packages\execution_engine\api\worker_dtos.py                        28      0   100%
packages\execution_engine\application\execution_app_service.py      34     18    47%
packages\execution_engine\application\interfaces.py                 11      2    82%
packages\execution_engine\application\outbox_dispatcher.py          57     41    28%
packages\execution_engine\application\scheduler_service.py          27      3    89%
packages\execution_engine\application\subscribers.py                37     21    43%
packages\execution_engine\application\worker_app_service.py         77     47    39%
packages\execution_engine\domain\__init__.py                         0      0   100%
packages\execution_engine\domain\clock.py                           15      1    93%
packages\execution_engine\domain\events.py                          65     15    77%
packages\execution_engine\domain\exceptions.py                      18      0   100%
packages\execution_engine\domain\models.py                         121      5    96%
packages\execution_engine\domain\services.py                       122     26    79%
packages\execution_engine\persistence\interfaces.py                 19      5    74%
packages\execution_engine\persistence\mapper.py                     42      6    86%
packages\execution_engine\persistence\models.py                     44      0   100%
packages\execution_engine\persistence\repository.py                 45     14    69%
packages\llm\__init__.py                                             3      3     0%
packages\llm\clients\__init__.py                                     4      4     0%
packages\llm\clients\adapter.py                                     74     74     0%
packages\llm\clients\base.py                                        25     25     0%
packages\llm\clients\gemini.py                                      51     51     0%
packages\llm\clients\grok.py                                        48     48     0%
packages\llm\clients\groq.py                                        48     48     0%
packages\llm\clients\mistral.py                                     48     48     0%
packages\llm\clients\nvidia.py                                      48     48     0%
packages\llm\clients\ollama.py                                      54     54     0%
packages\llm\config.py                                               3      3     0%
packages\llm\exceptions.py                                          10     10     0%
packages\llm\models\__init__.py                                      4      4     0%
packages\llm\models\model_types.py                                   7      7     0%
packages\llm\models\prompt.py                                        6      6     0%
packages\llm\models\response.py                                     13     13     0%
packages\llm\prompt_builder.py                                      20     20     0%
packages\llm\prompt_genealogy.py                                    22     22     0%
packages\orchestrator\__init__.py                                    0      0   100%
packages\orchestrator\atlas_orchestrator.py                         49     49     0%
packages\orchestrator\metrics_aggregator.py                         52     52     0%
packages\orchestrator\models.py                                     52     52     0%
packages\orchestrator\progress_ui.py                                51     51     0%
packages\orchestrator\state_manager.py                              62     62     0%
packages\runtime\__init__.py                                         0      0   100%
packages\runtime\exceptions\__init__.py                             10     10     0%
packages\runtime\manager\__init__.py                                 2      2     0%
packages\runtime\manager\runtime_manager.py                         20     20     0%
packages\runtime\models\__init__.py                                  4      4     0%
packages\runtime\models\execution_request.py                        12     12     0%
packages\runtime\models\execution_result.py                         23     23     0%
packages\runtime\models\runtime_config.py                            6      6     0%
packages\runtime\monitor\__init__.py                                 2      2     0%
packages\runtime\monitor\process.py                                 18     18     0%
packages\runtime\runner\__init__.py                                  2      2     0%
packages\runtime\runner\test_runner.py                              12     12     0%
packages\runtime\runtimes\__init__.py                                3      3     0%
packages\runtime\runtimes\base.py                                   13     13     0%
packages\runtime\runtimes\python_runtime.py                         43     43     0%
packages\runtime\sandbox\__init__.py                                 2      2     0%
packages\runtime\sandbox\tempdir.py                                 25     25     0%
packages\runtime\security\__init__.py                                5      5     0%
packages\runtime\security\base.py                                    7      7     0%
packages\runtime\security\call_checker.py                           13     13     0%
packages\runtime\security\import_checker.py                         16     16     0%
packages\runtime\security\validator.py                              19     19     0%
packages\runtime\utils\__init__.py                                   2      2     0%
packages\runtime\utils\logger.py                                    29     29     0%
services\dataset\api\dependencies.py                                18      5    72%
services\dataset\api\routers\dataset_router.py                      34     13    62%
services\dataset\importers\base.py                                  14      4    71%
services\dataset\main.py                                             7      2    71%
services\dataset\models\dtos.py                                     46      0   100%
services\dataset\repositories\dataset_repo.py                       47     26    45%
services\dataset\services\publishing.py                             10      5    50%
services\dataset\services\versioning.py                             14      5    64%
services\dataset\storage\provider.py                                25     13    48%
services\dataset\tests\api\test_dataset.py                           5      0   100%
services\dataset\validation\rules.py                                32     19    41%
services\dataset\validation\service.py                              31     23    26%
services\report\api\dependencies.py                                 21      7    67%
services\report\api\routers\reporting_router.py                     38     12    68%
services\report\core\cache.py                                       14      4    71%
services\report\exporters\__init__.py                                3      0   100%
services\report\exporters\base.py                                   12      1    92%
services\report\exporters\csv_exporter.py                           26      1    96%
services\report\exporters\json_exporter.py                          13      0   100%
services\report\exporters\registry.py                               15      0   100%
services\report\main.py                                              7      2    71%
services\report\models\dtos.py                                      59      0   100%
services\report\models\read_models.py                              100      0   100%
services\report\repositories\reporting_repo.py                      85     66    22%
services\report\services\queries.py                                107     84    21%
services\report\services\reporting.py                               54     40    26%
services\report\strategies\leaderboard.py                           14      4    71%
services\report\strategies\trends.py                                19      1    95%
services\report\tests\api\test_reporting_api.py                     12      0   100%
services\report\tests\unit\test_reporting.py                        13      0   100%
services\search\providers\base.py                                    6      0   100%
services\search\providers\benchmark.py                              31     20    35%
services\search\providers\execution.py                              33     22    33%
services\search\registry.py                                          8      0   100%
services\search\service.py                                          15      0   100%
------------------------------------------------------------------------------------
TOTAL                                                             4967   1879    62%
=========================== short test summary info ===========================
FAILED tests/backend/test_api_executions.py::test_list_executions - sqlalchem...
================= 1 failed, 163 passed, 11 warnings in 33.96s =================
